<?xml version="1.0" encoding="UTF-8"?>
<!-- Generated by org.testng.reporters.JUnitReportReporter -->
<testsuite hostname="sai" failures="0" tests="3" name="TestClass.VerifyUseCanBuyProduct" time="51.526" errors="0" timestamp="2022-06-11T11:41:31 GMT-08:00" skipped="0">
  <testcase classname="TestClass.VerifyUseCanBuyProduct" name="VerifyUserCanLLogin" time="9.430"/>
  <system-out/>
  <testcase classname="TestClass.VerifyUseCanBuyProduct" name="VerifyUserCanSearchProduct" time="34.247"/>
  <system-out/>
  <testcase classname="TestClass.VerifyUseCanBuyProduct" name="VerifyUsercanSelectTheProductAndMoveTodetailPage" time="7.849"/>
  <system-out/>
</testsuite> <!-- TestClass.VerifyUseCanBuyProduct -->
